Engine-Match Friday, January 1, 2021 7:45:06 PM
 Tournament Game in 5 Minutes 

Pairing 1/1 :    Clover  -  Spike 1.4

PGN-File: C:\Users\LMM\Desktop\arena_3.5.1\Arena.pgn

No:  B/W 1/2     W:B       1:2           Time        Value Moves Dep 1:2       1-2-Draws

--------------------------------------------------------------

Engine-Match Friday, January 1, 2021 10:09:37 PM
 8 Half moves 

Pairing 1/1 :    Clover  -  Spike 1.4

PGN-File: C:\Users\LMM\Desktop\arena_3.5.1\Arena.pgn

No:  B/W 1/2     W:B       1:2           Time        Value Moves Dep 1:2       1-2-Draws

--------------------------------------------------------------

Engine-Match Saturday, January 2, 2021 2:09:21 PM
 Tournament Game in 5 Minutes 

Pairing 1/1 :    Clover  -  Spike 1.4

PGN-File: C:\Users\LMM\Desktop\arena_3.5.1\Arena.pgn

No:  B/W 1/2     W:B       1:2           Time        Value Moves Dep 1:2       1-2-Draws

--------------------------------------------------------------

Engine-Match Sunday, January 3, 2021 4:27:06 PM
 Tournament Game in 5 Minutes 

Pairing 1/1 :    Clover  -  Nero_61

PGN-File: C:\Users\LMM\Desktop\arena_3.5.1\Arena.pgn

No:  B/W 1/2     W:B       1:2           Time        Value Moves Dep 1:2       1-2-Draws

--------------------------------------------------------------

Engine-Match Sunday, January 3, 2021 5:06:18 PM
 Tournament Game in 5 Minutes 

Pairing 1/1 :    Clover  -  Nero_61

PGN-File: C:\Users\LMM\Desktop\arena_3.5.1\Arena.pgn

No:  B/W 1/2     W:B       1:2           Time        Value Moves Dep 1:2       1-2-Draws

--------------------------------------------------------------

Engine-Match Monday, January 4, 2021 2:31:24 PM
 Tournament Game in 5 Minutes 

Pairing 1/1 :    Nero_61  -  Clover

PGN-File: C:\Users\LMM\Desktop\arena_3.5.1\Arena.pgn

No:  B/W 1/2     W:B       1:2           Time        Value Moves Dep 1:2       1-2-Draws
   7 B 2    2.0:1.0        2.0:5.0       2:41:09 PM     0.00    75 5.935 :9.606  1-4-2

--------------------------------------------------------------

Engine-Match Wednesday, January 6, 2021 9:14:54 PM
 Tournament Game in 5 Minutes 

Pairing 1/1 :    Nero_61  -  Clover

PGN-File: C:\Users\LMM\Desktop\arena_3.5.1\Arena.pgn

No:  B/W 1/2     W:B       1:2           Time        Value Moves Dep 1:2       1-2-Draws
